c:\users\henly\desktop\school\2 - summer semester 2022\oop244\project\ms5\x64\debug\vc143.pdb
c:\users\henly\desktop\school\2 - summer semester 2022\oop244\project\ms5\x64\debug\vc143.idb
c:\users\henly\desktop\school\2 - summer semester 2022\oop244\project\ms5\x64\debug\utils.obj
c:\users\henly\desktop\school\2 - summer semester 2022\oop244\project\ms5\x64\debug\streamable.obj
c:\users\henly\desktop\school\2 - summer semester 2022\oop244\project\ms5\x64\debug\publicationselector.obj
c:\users\henly\desktop\school\2 - summer semester 2022\oop244\project\ms5\x64\debug\publication.obj
c:\users\henly\desktop\school\2 - summer semester 2022\oop244\project\ms5\x64\debug\menu.obj
c:\users\henly\desktop\school\2 - summer semester 2022\oop244\project\ms5\x64\debug\libappmain.obj
c:\users\henly\desktop\school\2 - summer semester 2022\oop244\project\ms5\x64\debug\libapp.obj
c:\users\henly\desktop\school\2 - summer semester 2022\oop244\project\ms5\x64\debug\date.obj
c:\users\henly\desktop\school\2 - summer semester 2022\oop244\project\ms5\x64\debug\book.obj
c:\users\henly\desktop\school\2 - summer semester 2022\oop244\project\ms5\x64\debug\ms5.exe
c:\users\henly\desktop\school\2 - summer semester 2022\oop244\project\ms5\x64\debug\ms5.ilk
c:\users\henly\desktop\school\2 - summer semester 2022\oop244\project\ms5\x64\debug\ms5.pdb
c:\users\henly\desktop\school\2 - summer semester 2022\oop244\project\ms5\x64\debug\ms5.tlog\cl.command.1.tlog
c:\users\henly\desktop\school\2 - summer semester 2022\oop244\project\ms5\x64\debug\ms5.tlog\cl.read.1.tlog
c:\users\henly\desktop\school\2 - summer semester 2022\oop244\project\ms5\x64\debug\ms5.tlog\cl.write.1.tlog
c:\users\henly\desktop\school\2 - summer semester 2022\oop244\project\ms5\x64\debug\ms5.tlog\link.command.1.tlog
c:\users\henly\desktop\school\2 - summer semester 2022\oop244\project\ms5\x64\debug\ms5.tlog\link.read.1.tlog
c:\users\henly\desktop\school\2 - summer semester 2022\oop244\project\ms5\x64\debug\ms5.tlog\link.write.1.tlog
